This is pdfTeX, Version 3.141592653-2.6-1.40.25 (TeX Live 2023/Debian) (preloaded format=pdflatex 2025.10.17)  17 OCT 2025 15:06
entering extended mode
 restricted \write18 enabled.
 %&-line parsing enabled.
**output/problem.tex
(./output/problem.tex
LaTeX2e <2023-11-01> patch level 1
L3 programming layer <2024-01-22>
(/usr/share/texlive/texmf-dist/tex/latex/base/article.cls
Document Class: article 2023/05/17 v1.4n Standard LaTeX document class
(/usr/share/texlive/texmf-dist/tex/latex/base/size10.clo
File: size10.clo 2023/05/17 v1.4n Standard LaTeX file (size option)
)
\c@part=\count187
\c@section=\count188
\c@subsection=\count189
\c@subsubsection=\count190
\c@paragraph=\count191
\c@subparagraph=\count192
\c@figure=\count193
\c@table=\count194
\abovecaptionskip=\skip48
\belowcaptionskip=\skip49
\bibindent=\dimen140
)
(/usr/share/texlive/texmf-dist/tex/latex/amsmath/amsmath.sty
Package: amsmath 2023/05/13 v2.17o AMS math features
\@mathmargin=\skip50

For additional information on amsmath, use the `?' option.
(/usr/share/texlive/texmf-dist/tex/latex/amsmath/amstext.sty
Package: amstext 2021/08/26 v2.01 AMS text

(/usr/share/texlive/texmf-dist/tex/latex/amsmath/amsgen.sty
File: amsgen.sty 1999/11/30 v2.0 generic functions
\@emptytoks=\toks17
\ex@=\dimen141
))
(/usr/share/texlive/texmf-dist/tex/latex/amsmath/amsbsy.sty
Package: amsbsy 1999/11/29 v1.2d Bold Symbols
\pmbraise@=\dimen142
)
(/usr/share/texlive/texmf-dist/tex/latex/amsmath/amsopn.sty
Package: amsopn 2022/04/08 v2.04 operator names
)
\inf@bad=\count195
LaTeX Info: Redefining \frac on input line 234.
\uproot@=\count196
\leftroot@=\count197
LaTeX Info: Redefining \overline on input line 399.
LaTeX Info: Redefining \colon on input line 410.
\classnum@=\count198
\DOTSCASE@=\count199
LaTeX Info: Redefining \ldots on input line 496.
LaTeX Info: Redefining \dots on input line 499.
LaTeX Info: Redefining \cdots on input line 620.
\Mathstrutbox@=\box51
\strutbox@=\box52
LaTeX Info: Redefining \big on input line 722.
LaTeX Info: Redefining \Big on input line 723.
LaTeX Info: Redefining \bigg on input line 724.
LaTeX Info: Redefining \Bigg on input line 725.
\big@size=\dimen143
LaTeX Font Info:    Redeclaring font encoding OML on input line 743.
LaTeX Font Info:    Redeclaring font encoding OMS on input line 744.
\macc@depth=\count266
LaTeX Info: Redefining \bmod on input line 905.
LaTeX Info: Redefining \pmod on input line 910.
LaTeX Info: Redefining \smash on input line 940.
LaTeX Info: Redefining \relbar on input line 970.
LaTeX Info: Redefining \Relbar on input line 971.
\c@MaxMatrixCols=\count267
\dotsspace@=\muskip16
\c@parentequation=\count268
\dspbrk@lvl=\count269
\tag@help=\toks18
\row@=\count270
\column@=\count271
\maxfields@=\count272
\andhelp@=\toks19
\eqnshift@=\dimen144
\alignsep@=\dimen145
\tagshift@=\dimen146
\tagwidth@=\dimen147
\totwidth@=\dimen148
\lineht@=\dimen149
\@envbody=\toks20
\multlinegap=\skip51
\multlinetaggap=\skip52
\mathdisplay@stack=\toks21
LaTeX Info: Redefining \[ on input line 2953.
LaTeX Info: Redefining \] on input line 2954.
)
(/usr/share/texlive/texmf-dist/tex/latex/amsfonts/amssymb.sty
Package: amssymb 2013/01/14 v3.01 AMS font symbols

(/usr/share/texlive/texmf-dist/tex/latex/amsfonts/amsfonts.sty
Package: amsfonts 2013/01/14 v3.01 Basic AMSFonts support
\symAMSa=\mathgroup4
\symAMSb=\mathgroup5
LaTeX Font Info:    Redeclaring math symbol \hbar on input line 98.
LaTeX Font Info:    Overwriting math alphabet `\mathfrak' in version `bold'
(Font)                  U/euf/m/n --> U/euf/b/n on input line 106.
))
(/usr/share/texlive/texmf-dist/tex/latex/geometry/geometry.sty
Package: geometry 2020/01/02 v5.9 Page Geometry

(/usr/share/texlive/texmf-dist/tex/latex/graphics/keyval.sty
Package: keyval 2022/05/29 v1.15 key=value parser (DPC)
\KV@toks@=\toks22
)
(/usr/share/texlive/texmf-dist/tex/generic/iftex/ifvtex.sty
Package: ifvtex 2019/10/25 v1.7 ifvtex legacy package. Use iftex instead.

(/usr/share/texlive/texmf-dist/tex/generic/iftex/iftex.sty
Package: iftex 2022/02/03 v1.0f TeX engine tests
))
\Gm@cnth=\count273
\Gm@cntv=\count274
\c@Gm@tempcnt=\count275
\Gm@bindingoffset=\dimen150
\Gm@wd@mp=\dimen151
\Gm@odd@mp=\dimen152
\Gm@even@mp=\dimen153
\Gm@layoutwidth=\dimen154
\Gm@layoutheight=\dimen155
\Gm@layouthoffset=\dimen156
\Gm@layoutvoffset=\dimen157
\Gm@dimlist=\toks23
)
(/usr/share/texlive/texmf-dist/tex/latex/xcolor/xcolor.sty
Package: xcolor 2023/11/15 v3.01 LaTeX color extensions (UK)

(/usr/share/texlive/texmf-dist/tex/latex/graphics-cfg/color.cfg
File: color.cfg 2016/01/02 v1.6 sample color configuration
)
Package xcolor Info: Driver file: pdftex.def on input line 274.

(/usr/share/texlive/texmf-dist/tex/latex/graphics-def/pdftex.def
File: pdftex.def 2022/09/22 v1.2b Graphics/color driver for pdftex
)
(/usr/share/texlive/texmf-dist/tex/latex/graphics/mathcolor.ltx)
Package xcolor Info: Model `cmy' substituted by `cmy0' on input line 1350.
Package xcolor Info: Model `hsb' substituted by `rgb' on input line 1354.
Package xcolor Info: Model `RGB' extended on input line 1366.
Package xcolor Info: Model `HTML' substituted by `rgb' on input line 1368.
Package xcolor Info: Model `Hsb' substituted by `hsb' on input line 1369.
Package xcolor Info: Model `tHsb' substituted by `hsb' on input line 1370.
Package xcolor Info: Model `HSB' substituted by `hsb' on input line 1371.
Package xcolor Info: Model `Gray' substituted by `gray' on input line 1372.
Package xcolor Info: Model `wave' substituted by `hsb' on input line 1373.
)
(/usr/share/texlive/texmf-dist/tex/latex/l3backend/l3backend-pdftex.def
File: l3backend-pdftex.def 2024-01-04 L3 backend support: PDF output (pdfTeX)
\l__color_backend_stack_int=\count276
\l__pdf_internal_box=\box53
)
No file problem.aux.
\openout1 = `problem.aux'.

LaTeX Font Info:    Checking defaults for OML/cmm/m/it on input line 4.
LaTeX Font Info:    ... okay on input line 4.
LaTeX Font Info:    Checking defaults for OMS/cmsy/m/n on input line 4.
LaTeX Font Info:    ... okay on input line 4.
LaTeX Font Info:    Checking defaults for OT1/cmr/m/n on input line 4.
LaTeX Font Info:    ... okay on input line 4.
LaTeX Font Info:    Checking defaults for T1/cmr/m/n on input line 4.
LaTeX Font Info:    ... okay on input line 4.
LaTeX Font Info:    Checking defaults for TS1/cmr/m/n on input line 4.
LaTeX Font Info:    ... okay on input line 4.
LaTeX Font Info:    Checking defaults for OMX/cmex/m/n on input line 4.
LaTeX Font Info:    ... okay on input line 4.
LaTeX Font Info:    Checking defaults for U/cmr/m/n on input line 4.
LaTeX Font Info:    ... okay on input line 4.
*geometry* driver: auto-detecting
*geometry* detected driver: pdftex
*geometry* verbose mode - [ preamble ] result:
* driver: pdftex
* paper: <default>
* layout: <same size as paper>
* layoutoffset:(h,v)=(0.0pt,0.0pt)
* modes: 
* h-part:(L,W,R)=(72.26999pt, 469.75502pt, 72.26999pt)
* v-part:(T,H,B)=(72.26999pt, 650.43001pt, 72.26999pt)
* \paperwidth=614.295pt
* \paperheight=794.96999pt
* \textwidth=469.75502pt
* \textheight=650.43001pt
* \oddsidemargin=0.0pt
* \evensidemargin=0.0pt
* \topmargin=-37.0pt
* \headheight=12.0pt
* \headsep=25.0pt
* \topskip=10.0pt
* \footskip=30.0pt
* \marginparwidth=65.0pt
* \marginparsep=11.0pt
* \columnsep=10.0pt
* \skip\footins=9.0pt plus 4.0pt minus 2.0pt
* \hoffset=0.0pt
* \voffset=0.0pt
* \mag=1000
* \@twocolumnfalse
* \@twosidefalse
* \@mparswitchfalse
* \@reversemarginfalse
* (1in=72.27pt=25.4mm, 1cm=28.453pt)

(/usr/share/texlive/texmf-dist/tex/context/base/mkii/supp-pdf.mkii
[Loading MPS to PDF converter (version 2006.09.02).]
\scratchcounter=\count277
\scratchdimen=\dimen158
\scratchbox=\box54
\nofMPsegments=\count278
\nofMParguments=\count279
\everyMPshowfont=\toks24
\MPscratchCnt=\count280
\MPscratchDim=\dimen159
\MPnumerator=\count281
\makeMPintoPDFobject=\count282
\everyMPtoPDFconversion=\toks25
)
LaTeX Font Info:    Trying to load font information for U+msa on input line 10.

 (/usr/share/texlive/texmf-dist/tex/latex/amsfonts/umsa.fd
File: umsa.fd 2013/01/14 v3.01 AMS symbols A
)
LaTeX Font Info:    Trying to load font information for U+msb on input line 10.


(/usr/share/texlive/texmf-dist/tex/latex/amsfonts/umsb.fd
File: umsb.fd 2013/01/14 v3.01 AMS symbols B
)

LaTeX Warning: Command \textbackslash invalid in math mode on input line 10.

LaTeX Font Info:    Trying to load font information for OMS+cmr on input line 1
0.
(/usr/share/texlive/texmf-dist/tex/latex/base/omscmr.fd
File: omscmr.fd 2023/04/13 v2.5m Standard LaTeX font definitions
)
LaTeX Font Info:    Font shape `OMS/cmr/m/n' in size <10> not available
(Font)              Font shape `OMS/cmsy/m/n' tried instead on input line 10.


LaTeX Warning: Command \textbackslash invalid in math mode on input line 10.


LaTeX Warning: Command \textbackslash invalid in math mode on input line 10.


LaTeX Warning: Command \textbackslash invalid in math mode on input line 10.


LaTeX Warning: Command \textbackslash invalid in math mode on input line 11.


LaTeX Warning: Command \textbackslash invalid in math mode on input line 11.


LaTeX Warning: Command \textbackslash invalid in math mode on input line 11.


LaTeX Warning: Command \textbackslash invalid in math mode on input line 11.


LaTeX Warning: Command \textbackslash invalid in math mode on input line 11.


LaTeX Warning: Command \textbackslash invalid in math mode on input line 11.


LaTeX Warning: Command \textbackslash invalid in math mode on input line 11.


LaTeX Warning: Command \textbackslash invalid in math mode on input line 11.


LaTeX Warning: Command \textbackslash invalid in math mode on input line 11.


LaTeX Warning: Command \textbackslash invalid in math mode on input line 11.


LaTeX Warning: Command \textbackslash invalid in math mode on input line 11.


LaTeX Warning: Command \textbackslash invalid in math mode on input line 11.


LaTeX Warning: Command \textbackslash invalid in math mode on input line 11.


LaTeX Warning: Command \textbackslash invalid in math mode on input line 11.


LaTeX Warning: Command \textbackslash invalid in math mode on input line 12.


LaTeX Warning: Command \textbackslash invalid in math mode on input line 12.


LaTeX Warning: Command \textbackslash invalid in math mode on input line 12.


LaTeX Warning: Command \textbackslash invalid in math mode on input line 12.


LaTeX Warning: Command \textbackslash invalid in math mode on input line 12.


LaTeX Warning: Command \textbackslash invalid in math mode on input line 12.


LaTeX Warning: Command \textbackslash invalid in math mode on input line 12.


LaTeX Warning: Command \textbackslash invalid in math mode on input line 12.


LaTeX Warning: Command \textbackslash invalid in math mode on input line 12.


LaTeX Warning: Command \textbackslash invalid in math mode on input line 12.


LaTeX Warning: Command \textbackslash invalid in math mode on input line 12.


LaTeX Warning: Command \textbackslash invalid in math mode on input line 12.


LaTeX Warning: Command \textbackslash invalid in math mode on input line 14.


LaTeX Warning: Command \textbackslash invalid in math mode on input line 14.


LaTeX Warning: Command \textbackslash invalid in math mode on input line 14.


LaTeX Warning: Command \textbackslash invalid in math mode on input line 14.


LaTeX Warning: Command \textbackslash invalid in math mode on input line 14.


LaTeX Warning: Command \textbackslash invalid in math mode on input line 14.


LaTeX Warning: Command \textbackslash invalid in math mode on input line 14.


LaTeX Warning: Command \textbackslash invalid in math mode on input line 14.


LaTeX Warning: Command \textbackslash invalid in math mode on input line 14.


LaTeX Warning: Command \textbackslash invalid in math mode on input line 14.


LaTeX Warning: Command \textbackslash invalid in math mode on input line 14.


LaTeX Warning: Command \textbackslash invalid in math mode on input line 14.


LaTeX Warning: Command \textbackslash invalid in math mode on input line 14.


LaTeX Warning: Command \textbackslash invalid in math mode on input line 14.


LaTeX Warning: Command \textbackslash invalid in math mode on input line 14.


LaTeX Warning: Command \textbackslash invalid in math mode on input line 14.


LaTeX Warning: Command \textbackslash invalid in math mode on input line 18.


LaTeX Warning: Command \textbackslash invalid in math mode on input line 18.


LaTeX Warning: Command \textbackslash invalid in math mode on input line 18.


LaTeX Warning: Command \textbackslash invalid in math mode on input line 18.


LaTeX Warning: Command \textbackslash invalid in math mode on input line 18.


LaTeX Warning: Command \textbackslash invalid in math mode on input line 18.


LaTeX Warning: Command \textbackslash invalid in math mode on input line 19.


LaTeX Warning: Command \textbackslash invalid in math mode on input line 19.


LaTeX Warning: Command \textbackslash invalid in math mode on input line 19.


LaTeX Warning: Command \textbackslash invalid in math mode on input line 19.


LaTeX Warning: Command \textbackslash invalid in math mode on input line 19.


LaTeX Warning: Command \textbackslash invalid in math mode on input line 19.


LaTeX Warning: Command \textbackslash invalid in math mode on input line 19.


LaTeX Warning: Command \textbackslash invalid in math mode on input line 19.


LaTeX Warning: Command \textbackslash invalid in math mode on input line 19.


LaTeX Warning: Command \textbackslash invalid in math mode on input line 19.


LaTeX Warning: Command \textbackslash invalid in math mode on input line 19.


LaTeX Warning: Command \textbackslash invalid in math mode on input line 19.


LaTeX Warning: Command \textbackslash invalid in math mode on input line 20.


LaTeX Warning: Command \textbackslash invalid in math mode on input line 20.


LaTeX Warning: Command \textbackslash invalid in math mode on input line 20.


LaTeX Warning: Command \textbackslash invalid in math mode on input line 20.


LaTeX Warning: Command \textbackslash invalid in math mode on input line 20.


LaTeX Warning: Command \textbackslash invalid in math mode on input line 20.


LaTeX Warning: Command \textbackslash invalid in math mode on input line 20.


LaTeX Warning: Command \textbackslash invalid in math mode on input line 20.


LaTeX Warning: Command \textbackslash invalid in math mode on input line 20.


LaTeX Warning: Command \textbackslash invalid in math mode on input line 20.


LaTeX Warning: Command \textbackslash invalid in math mode on input line 20.


LaTeX Warning: Command \textbackslash invalid in math mode on input line 20.


LaTeX Warning: Command \textbackslash invalid in math mode on input line 20.


LaTeX Warning: Command \textbackslash invalid in math mode on input line 20.


LaTeX Warning: Command \textbackslash invalid in math mode on input line 24.


LaTeX Warning: Command \textbackslash invalid in math mode on input line 24.


LaTeX Warning: Command \textbackslash invalid in math mode on input line 24.


LaTeX Warning: Command \textbackslash invalid in math mode on input line 24.


LaTeX Warning: Command \textbackslash invalid in math mode on input line 24.


LaTeX Warning: Command \textbackslash invalid in math mode on input line 24.


LaTeX Warning: Command \textbackslash invalid in math mode on input line 28.


LaTeX Warning: Command \textbackslash invalid in math mode on input line 28.


LaTeX Warning: Command \textbackslash invalid in math mode on input line 40.


LaTeX Warning: Command \textbackslash invalid in math mode on input line 40.


LaTeX Warning: Command \textbackslash invalid in math mode on input line 40.


LaTeX Warning: Command \textbackslash invalid in math mode on input line 40.


LaTeX Warning: Command \textbackslash invalid in math mode on input line 40.


LaTeX Warning: Command \textbackslash invalid in math mode on input line 40.


LaTeX Warning: Command \textbackslash invalid in math mode on input line 44.


LaTeX Warning: Command \textbackslash invalid in math mode on input line 44.


LaTeX Warning: Command \textbackslash invalid in math mode on input line 50.


LaTeX Warning: Command \textbackslash invalid in math mode on input line 50.


LaTeX Warning: Command \textbackslash invalid in math mode on input line 50.


LaTeX Warning: Command \textbackslash invalid in math mode on input line 50.


LaTeX Warning: Command \textbackslash invalid in math mode on input line 50.


LaTeX Warning: Command \textbackslash invalid in math mode on input line 50.

[1

{/var/lib/texmf/fonts/map/pdftex/updmap/pdftex.map}]

LaTeX Warning: Command \textbackslash invalid in math mode on input line 62.


LaTeX Warning: Command \textbackslash invalid in math mode on input line 62.


LaTeX Warning: Command \textbackslash invalid in math mode on input line 63.


LaTeX Warning: Command \textbackslash invalid in math mode on input line 63.


LaTeX Warning: Command \textbackslash invalid in math mode on input line 64.


LaTeX Warning: Command \textbackslash invalid in math mode on input line 64.


LaTeX Warning: Command \textbackslash invalid in math mode on input line 64.


LaTeX Warning: Command \textbackslash invalid in math mode on input line 64.


LaTeX Warning: Command \textbackslash invalid in math mode on input line 64.


LaTeX Warning: Command \textbackslash invalid in math mode on input line 64.


LaTeX Warning: Command \textbackslash invalid in math mode on input line 64.


LaTeX Warning: Command \textbackslash invalid in math mode on input line 64.


LaTeX Warning: Command \textbackslash invalid in math mode on input line 64.


LaTeX Warning: Command \textbackslash invalid in math mode on input line 64.


LaTeX Warning: Command \textbackslash invalid in math mode on input line 64.


LaTeX Warning: Command \textbackslash invalid in math mode on input line 64.


LaTeX Warning: Command \textbackslash invalid in math mode on input line 64.


LaTeX Warning: Command \textbackslash invalid in math mode on input line 64.


LaTeX Warning: Command \textbackslash invalid in math mode on input line 65.


LaTeX Warning: Command \textbackslash invalid in math mode on input line 65.


LaTeX Warning: Command \textbackslash invalid in math mode on input line 65.


LaTeX Warning: Command \textbackslash invalid in math mode on input line 65.


LaTeX Warning: Command \textbackslash invalid in math mode on input line 65.


LaTeX Warning: Command \textbackslash invalid in math mode on input line 65.


LaTeX Warning: Command \textbackslash invalid in math mode on input line 65.


LaTeX Warning: Command \textbackslash invalid in math mode on input line 65.


LaTeX Warning: Command \textbackslash invalid in math mode on input line 65.


LaTeX Warning: Command \textbackslash invalid in math mode on input line 65.


LaTeX Warning: Command \textbackslash invalid in math mode on input line 65.


LaTeX Warning: Command \textbackslash invalid in math mode on input line 65.


LaTeX Warning: Command \textbackslash invalid in math mode on input line 66.


LaTeX Warning: Command \textbackslash invalid in math mode on input line 66.


LaTeX Warning: Command \textbackslash invalid in math mode on input line 66.


LaTeX Warning: Command \textbackslash invalid in math mode on input line 66.


LaTeX Warning: Command \textbackslash invalid in math mode on input line 68.


LaTeX Warning: Command \textbackslash invalid in math mode on input line 68.


LaTeX Warning: Command \textbackslash invalid in math mode on input line 68.


LaTeX Warning: Command \textbackslash invalid in math mode on input line 68.


LaTeX Warning: Command \textbackslash invalid in math mode on input line 68.


LaTeX Warning: Command \textbackslash invalid in math mode on input line 68.


LaTeX Warning: Command \textbackslash invalid in math mode on input line 68.


LaTeX Warning: Command \textbackslash invalid in math mode on input line 68.


LaTeX Warning: Command \textbackslash invalid in math mode on input line 68.


LaTeX Warning: Command \textbackslash invalid in math mode on input line 68.


LaTeX Warning: Command \textbackslash invalid in math mode on input line 68.


LaTeX Warning: Command \textbackslash invalid in math mode on input line 68.


LaTeX Warning: Command \textbackslash invalid in math mode on input line 68.


LaTeX Warning: Command \textbackslash invalid in math mode on input line 68.


LaTeX Warning: Command \textbackslash invalid in math mode on input line 68.


LaTeX Warning: Command \textbackslash invalid in math mode on input line 68.


LaTeX Warning: Command \textbackslash invalid in math mode on input line 68.


LaTeX Warning: Command \textbackslash invalid in math mode on input line 68.


LaTeX Warning: Command \textbackslash invalid in math mode on input line 68.


LaTeX Warning: Command \textbackslash invalid in math mode on input line 68.


LaTeX Warning: Command \textbackslash invalid in math mode on input line 68.


LaTeX Warning: Command \textbackslash invalid in math mode on input line 68.


LaTeX Warning: Command \textbackslash invalid in math mode on input line 68.


LaTeX Warning: Command \textbackslash invalid in math mode on input line 68.


LaTeX Warning: Command \textbackslash invalid in math mode on input line 68.


LaTeX Warning: Command \textbackslash invalid in math mode on input line 68.


LaTeX Warning: Command \textbackslash invalid in math mode on input line 68.


LaTeX Warning: Command \textbackslash invalid in math mode on input line 68.


LaTeX Warning: Command \textbackslash invalid in math mode on input line 68.


LaTeX Warning: Command \textbackslash invalid in math mode on input line 68.


LaTeX Warning: Command \textbackslash invalid in math mode on input line 68.


LaTeX Warning: Command \textbackslash invalid in math mode on input line 68.


LaTeX Warning: Command \textbackslash invalid in math mode on input line 68.


LaTeX Warning: Command \textbackslash invalid in math mode on input line 68.


LaTeX Warning: Command \textbackslash invalid in math mode on input line 68.


LaTeX Warning: Command \textbackslash invalid in math mode on input line 68.


LaTeX Warning: Command \textbackslash invalid in math mode on input line 68.


LaTeX Warning: Command \textbackslash invalid in math mode on input line 68.


LaTeX Warning: Command \textbackslash invalid in math mode on input line 68.


LaTeX Warning: Command \textbackslash invalid in math mode on input line 68.


LaTeX Warning: Command \textbackslash invalid in math mode on input line 68.


LaTeX Warning: Command \textbackslash invalid in math mode on input line 68.


LaTeX Warning: Command \textbackslash invalid in math mode on input line 68.


LaTeX Warning: Command \textbackslash invalid in math mode on input line 68.


LaTeX Warning: Command \textbackslash invalid in math mode on input line 68.


LaTeX Warning: Command \textbackslash invalid in math mode on input line 68.


LaTeX Warning: Command \textbackslash invalid in math mode on input line 68.


LaTeX Warning: Command \textbackslash invalid in math mode on input line 68.


LaTeX Warning: Command \textbackslash invalid in math mode on input line 68.


LaTeX Warning: Command \textbackslash invalid in math mode on input line 68.


LaTeX Warning: Command \textbackslash invalid in math mode on input line 68.


LaTeX Warning: Command \textbackslash invalid in math mode on input line 68.


LaTeX Warning: Command \textbackslash invalid in math mode on input line 68.


LaTeX Warning: Command \textbackslash invalid in math mode on input line 68.


Overfull \hbox (78.59555pt too wide) in paragraph at lines 68--69
\OT1/cmr/bx/n/10 Requested: \OT1/cmr/m/n/10 a) $\OML/cmm/m/it/10 f[]\OT1/cmr/m/
n/10 (\OML/cmm/m/it/10 x\OT1/cmr/m/n/10 ) = \OML/cmm/m/it/10 n[]fracn[][]n[][]$

 []


Overfull \hbox (11.40265pt too wide) in paragraph at lines 68--69
\OT1/cmr/m/n/10 et $\OML/cmm/m/it/10 g[]\OT1/cmr/m/n/10 (\OML/cmm/m/it/10 x\OT1
/cmr/m/n/10 ) = \OML/cmm/m/it/10 n[]fracn[][]n[][]$ \OT1/cmr/m/n/10 ; b) $0\OML
/cmm/m/it/10 n[]lef[]\OT1/cmr/m/n/10 (\OML/cmm/m/it/10 x\OT1/cmr/m/n/10 )\OML/c
mm/m/it/10 n[]le\OT1/cmr/m/n/10 (\OML/cmm/m/it/10 x \OMS/cmsy/m/n/10 ^^@ \OT1/c
mr/m/n/10 1)\OML/cmm/m/it/10 n[]textasciicircum[]\OT1/cmr/m/n/10 2$
 []

[2]

LaTeX Warning: Command \textbackslash invalid in math mode on input line 96.


LaTeX Warning: Command \textbackslash invalid in math mode on input line 96.


LaTeX Warning: Command \textbackslash invalid in math mode on input line 100.


LaTeX Warning: Command \textbackslash invalid in math mode on input line 100.


LaTeX Warning: Command \textbackslash invalid in math mode on input line 102.


LaTeX Warning: Command \textbackslash invalid in math mode on input line 102.


LaTeX Warning: Command \textbackslash invalid in math mode on input line 108.


LaTeX Warning: Command \textbackslash invalid in math mode on input line 108.


LaTeX Warning: Command \textbackslash invalid in math mode on input line 108.


LaTeX Warning: Command \textbackslash invalid in math mode on input line 108.


LaTeX Warning: Command \textbackslash invalid in math mode on input line 108.


LaTeX Warning: Command \textbackslash invalid in math mode on input line 108.


LaTeX Warning: Command \textbackslash invalid in math mode on input line 108.


LaTeX Warning: Command \textbackslash invalid in math mode on input line 108.


LaTeX Warning: Command \textbackslash invalid in math mode on input line 108.


LaTeX Warning: Command \textbackslash invalid in math mode on input line 108.


Overfull \hbox (29.85504pt too wide) in paragraph at lines 108--110
[]\OT1/cmr/bx/n/10 Justification: \OT1/cmr/m/n/10 R^^Searrangement alg^^Sebriqu
e. La fonc-tion $\OML/cmm/m/it/10 h\OT1/cmr/m/n/10 (\OML/cmm/m/it/10 x\OT1/cmr/
m/n/10 ) = \OML/cmm/m/it/10 x\OT1/cmr/m/n/10 (\OML/cmm/m/it/10 xn[]textasciicir
cum[]\OT1/cmr/m/n/10 2 + 1)\OML/cmm/m/it/10 n[]textasciicircum[]\OT1/cmr/m/n/10
 2 \OMS/cmsy/m/n/10 ^^@
 []


LaTeX Warning: Command \textbackslash invalid in math mode on input line 110.


LaTeX Warning: Command \textbackslash invalid in math mode on input line 110.


LaTeX Warning: Command \textbackslash invalid in math mode on input line 114.


LaTeX Warning: Command \textbackslash invalid in math mode on input line 114.


LaTeX Warning: Command \textbackslash invalid in math mode on input line 114.


LaTeX Warning: Command \textbackslash invalid in math mode on input line 114.


LaTeX Warning: Command \textbackslash invalid in math mode on input line 114.


LaTeX Warning: Command \textbackslash invalid in math mode on input line 114.


LaTeX Warning: Command \textbackslash invalid in math mode on input line 114.


LaTeX Warning: Command \textbackslash invalid in math mode on input line 114.


LaTeX Warning: Command \textbackslash invalid in math mode on input line 114.


LaTeX Warning: Command \textbackslash invalid in math mode on input line 114.


LaTeX Warning: Command \textbackslash invalid in math mode on input line 114.


LaTeX Warning: Command \textbackslash invalid in math mode on input line 114.


LaTeX Warning: Command \textbackslash invalid in math mode on input line 116.


LaTeX Warning: Command \textbackslash invalid in math mode on input line 116.


LaTeX Warning: Command \textbackslash invalid in math mode on input line 116.


LaTeX Warning: Command \textbackslash invalid in math mode on input line 116.


LaTeX Warning: Command \textbackslash invalid in math mode on input line 126.


LaTeX Warning: Command \textbackslash invalid in math mode on input line 126.


LaTeX Warning: Command \textbackslash invalid in math mode on input line 126.


LaTeX Warning: Command \textbackslash invalid in math mode on input line 126.


LaTeX Warning: Command \textbackslash invalid in math mode on input line 126.


LaTeX Warning: Command \textbackslash invalid in math mode on input line 126.


LaTeX Warning: Command \textbackslash invalid in math mode on input line 127.


LaTeX Warning: Command \textbackslash invalid in math mode on input line 127.


LaTeX Warning: Command \textbackslash invalid in math mode on input line 127.


LaTeX Warning: Command \textbackslash invalid in math mode on input line 127.


LaTeX Warning: Command \textbackslash invalid in math mode on input line 127.


LaTeX Warning: Command \textbackslash invalid in math mode on input line 127.


LaTeX Warning: Command \textbackslash invalid in math mode on input line 127.


LaTeX Warning: Command \textbackslash invalid in math mode on input line 127.


LaTeX Warning: Command \textbackslash invalid in math mode on input line 127.


LaTeX Warning: Command \textbackslash invalid in math mode on input line 127.


LaTeX Warning: Command \textbackslash invalid in math mode on input line 127.


LaTeX Warning: Command \textbackslash invalid in math mode on input line 127.


LaTeX Warning: Command \textbackslash invalid in math mode on input line 127.


LaTeX Warning: Command \textbackslash invalid in math mode on input line 127.


LaTeX Warning: Command \textbackslash invalid in math mode on input line 127.


LaTeX Warning: Command \textbackslash invalid in math mode on input line 127.


LaTeX Warning: Command \textbackslash invalid in math mode on input line 129.


LaTeX Warning: Command \textbackslash invalid in math mode on input line 129.


LaTeX Warning: Command \textbackslash invalid in math mode on input line 129.


LaTeX Warning: Command \textbackslash invalid in math mode on input line 129.


LaTeX Warning: Command \textbackslash invalid in math mode on input line 129.


LaTeX Warning: Command \textbackslash invalid in math mode on input line 129.


LaTeX Warning: Command \textbackslash invalid in math mode on input line 129.


LaTeX Warning: Command \textbackslash invalid in math mode on input line 129.


LaTeX Warning: Command \textbackslash invalid in math mode on input line 129.


LaTeX Warning: Command \textbackslash invalid in math mode on input line 129.


LaTeX Warning: Command \textbackslash invalid in math mode on input line 129.


LaTeX Warning: Command \textbackslash invalid in math mode on input line 129.


LaTeX Warning: Command \textbackslash invalid in math mode on input line 129.


LaTeX Warning: Command \textbackslash invalid in math mode on input line 129.


LaTeX Warning: Command \textbackslash invalid in math mode on input line 129.


LaTeX Warning: Command \textbackslash invalid in math mode on input line 129.


LaTeX Warning: Command \textbackslash invalid in math mode on input line 129.


LaTeX Warning: Command \textbackslash invalid in math mode on input line 129.


LaTeX Warning: Command \textbackslash invalid in math mode on input line 129.


LaTeX Warning: Command \textbackslash invalid in math mode on input line 129.


LaTeX Warning: Command \textbackslash invalid in math mode on input line 129.


LaTeX Warning: Command \textbackslash invalid in math mode on input line 129.


LaTeX Warning: Command \textbackslash invalid in math mode on input line 129.


LaTeX Warning: Command \textbackslash invalid in math mode on input line 129.


LaTeX Warning: Command \textbackslash invalid in math mode on input line 129.


LaTeX Warning: Command \textbackslash invalid in math mode on input line 129.


LaTeX Warning: Command \textbackslash invalid in math mode on input line 129.


LaTeX Warning: Command \textbackslash invalid in math mode on input line 129.


LaTeX Warning: Command \textbackslash invalid in math mode on input line 129.


LaTeX Warning: Command \textbackslash invalid in math mode on input line 129.


LaTeX Warning: Command \textbackslash invalid in math mode on input line 129.


LaTeX Warning: Command \textbackslash invalid in math mode on input line 129.


Overfull \hbox (41.52133pt too wide) in paragraph at lines 129--130
\OT1/cmr/bx/n/10 Requested: $\OT1/cmr/m/n/10 0\OML/cmm/m/it/10 n[]lef\OT1/cmr/m
/n/10 (\OML/cmm/m/it/10 x\OT1/cmr/m/n/10 )\OML/cmm/m/it/10 n[]len[]fracn[][]n[]
[]\OT1/cmr/m/n/10 (\OML/cmm/m/it/10 x \OMS/cmsy/m/n/10 ^^@ \OT1/cmr/m/n/10 1)\O
ML/cmm/m/it/10 n[]textasciicircum[]\OT1/cmr/m/n/10 3$ et $0\OML/cmm/m/it/10 n[]
leg\OT1/cmr/m/n/10 (\OML/cmm/m/it/10 x\OT1/cmr/m/n/10 )\OML/cmm/m/it/10 n[]len[
]fracn[][]n[][]\OT1/cmr/m/n/10 (\OML/cmm/m/it/10 x \OMS/cmsy/m/n/10 ^^@ \OT1/cm
r/m/n/10 1)\OML/cmm/m/it/10 n[]textasciicircum[]\OT1/cmr/m/n/10 3$ 
 []

[3]

LaTeX Warning: Command \textbackslash invalid in math mode on input line 160.


LaTeX Warning: Command \textbackslash invalid in math mode on input line 160.


LaTeX Warning: Command \textbackslash invalid in math mode on input line 160.


LaTeX Warning: Command \textbackslash invalid in math mode on input line 160.


LaTeX Warning: Command \textbackslash invalid in math mode on input line 161.


LaTeX Warning: Command \textbackslash invalid in math mode on input line 161.


LaTeX Warning: Command \textbackslash invalid in math mode on input line 162.


LaTeX Warning: Command \textbackslash invalid in math mode on input line 162.

! Missing { inserted.
<to be read again> 
                   \begingroup 
l.162   \item $x\textbackslash{}_\textbackslash
                                               {}{n+1\textbackslash{}} = \te...
A left brace was mandatory here, so I've put one in.
You might want to delete and/or insert some corrections
so that I will find a matching right brace soon.
(If you're confused by all this, try typing `I}' now.)


LaTeX Warning: Command \textbackslash invalid in math mode on input line 162.


LaTeX Warning: Command \textbackslash invalid in math mode on input line 162.


LaTeX Warning: Command \textbackslash invalid in math mode on input line 162.


LaTeX Warning: Command \textbackslash invalid in math mode on input line 162.


LaTeX Warning: Command \textbackslash invalid in math mode on input line 162.


LaTeX Warning: Command \textbackslash invalid in math mode on input line 162.


LaTeX Warning: Command \textbackslash invalid in math mode on input line 162.


LaTeX Warning: Command \textbackslash invalid in math mode on input line 162.


LaTeX Warning: Command \textbackslash invalid in math mode on input line 162.


LaTeX Warning: Command \textbackslash invalid in math mode on input line 162.


LaTeX Warning: Command \textbackslash invalid in math mode on input line 162.


LaTeX Warning: Command \textbackslash invalid in math mode on input line 162.

! Missing } inserted.
<inserted text> 
                }
l.162 ...h{}{x\textbackslash{}_n\textbackslash{}}$
                                                  
I've inserted something that you may have forgotten.
(See the <inserted text> above.)
With luck, this will get me unwedged. But if you
really didn't forget anything, try typing `2' now; then
my insertion and my current dilemma will both disappear.


LaTeX Warning: Command \textbackslash invalid in math mode on input line 163.


LaTeX Warning: Command \textbackslash invalid in math mode on input line 163.


LaTeX Warning: Command \textbackslash invalid in math mode on input line 163.


LaTeX Warning: Command \textbackslash invalid in math mode on input line 163.


LaTeX Warning: Command \textbackslash invalid in math mode on input line 163.


LaTeX Warning: Command \textbackslash invalid in math mode on input line 163.


LaTeX Warning: Command \textbackslash invalid in math mode on input line 164.


LaTeX Warning: Command \textbackslash invalid in math mode on input line 164.


LaTeX Warning: Command \textbackslash invalid in math mode on input line 164.


LaTeX Warning: Command \textbackslash invalid in math mode on input line 164.


LaTeX Warning: Command \textbackslash invalid in math mode on input line 164.


LaTeX Warning: Command \textbackslash invalid in math mode on input line 164.


LaTeX Warning: Command \textbackslash invalid in math mode on input line 166.


LaTeX Warning: Command \textbackslash invalid in math mode on input line 166.


LaTeX Warning: Command \textbackslash invalid in math mode on input line 166.


LaTeX Warning: Command \textbackslash invalid in math mode on input line 166.


LaTeX Warning: Command \textbackslash invalid in math mode on input line 166.


LaTeX Warning: Command \textbackslash invalid in math mode on input line 166.


LaTeX Warning: Command \textbackslash invalid in math mode on input line 166.


LaTeX Warning: Command \textbackslash invalid in math mode on input line 166.

! Missing { inserted.
<to be read again> 
                   \begingroup 
l.166 ...lash{}le t\textbackslash{}_\textbackslash
                                                  {}{n+1\textbackslash{}}$ e...
A left brace was mandatory here, so I've put one in.
You might want to delete and/or insert some corrections
so that I will find a matching right brace soon.
(If you're confused by all this, try typing `I}' now.)


LaTeX Warning: Command \textbackslash invalid in math mode on input line 166.


LaTeX Warning: Command \textbackslash invalid in math mode on input line 166.


LaTeX Warning: Command \textbackslash invalid in math mode on input line 166.


LaTeX Warning: Command \textbackslash invalid in math mode on input line 166.

! Missing } inserted.
<inserted text> 
                }
l.166 ...{}_\textbackslash{}{n+1\textbackslash{}}$
                                                   et $s\textbackslash{}_\te...
I've inserted something that you may have forgotten.
(See the <inserted text> above.)
With luck, this will get me unwedged. But if you
really didn't forget anything, try typing `2' now; then
my insertion and my current dilemma will both disappear.


LaTeX Warning: Command \textbackslash invalid in math mode on input line 166.


LaTeX Warning: Command \textbackslash invalid in math mode on input line 166.

! Missing { inserted.
<to be read again> 
                   \begingroup 
l.166 ...{}}$ et $s\textbackslash{}_\textbackslash
                                                  {}{n+1\textbackslash{}} \t...
A left brace was mandatory here, so I've put one in.
You might want to delete and/or insert some corrections
so that I will find a matching right brace soon.
(If you're confused by all this, try typing `I}' now.)


LaTeX Warning: Command \textbackslash invalid in math mode on input line 166.


LaTeX Warning: Command \textbackslash invalid in math mode on input line 166.


LaTeX Warning: Command \textbackslash invalid in math mode on input line 166.


LaTeX Warning: Command \textbackslash invalid in math mode on input line 166.


LaTeX Warning: Command \textbackslash invalid in math mode on input line 166.


LaTeX Warning: Command \textbackslash invalid in math mode on input line 166.


LaTeX Warning: Command \textbackslash invalid in math mode on input line 166.


LaTeX Warning: Command \textbackslash invalid in math mode on input line 166.

! Missing } inserted.
<inserted text> 
                }
l.166 ...} \textbackslash{}le s\textbackslash{}_n$
                                                   ; c) Monotonie de $(t\tex...
I've inserted something that you may have forgotten.
(See the <inserted text> above.)
With luck, this will get me unwedged. But if you
really didn't forget anything, try typing `2' now; then
my insertion and my current dilemma will both disappear.


LaTeX Warning: Command \textbackslash invalid in math mode on input line 166.


LaTeX Warning: Command \textbackslash invalid in math mode on input line 166.


LaTeX Warning: Command \textbackslash invalid in math mode on input line 166.


LaTeX Warning: Command \textbackslash invalid in math mode on input line 166.


LaTeX Warning: Command \textbackslash invalid in math mode on input line 170.


LaTeX Warning: Command \textbackslash invalid in math mode on input line 170.

! Missing { inserted.
<to be read again> 
                   \begingroup 
l.170 ...ints of $x\textbackslash{}_\textbackslash
                                                  {}{n+1\textbackslash{}} = ...
A left brace was mandatory here, so I've put one in.
You might want to delete and/or insert some corrections
so that I will find a matching right brace soon.
(If you're confused by all this, try typing `I}' now.)


LaTeX Warning: Command \textbackslash invalid in math mode on input line 170.


LaTeX Warning: Command \textbackslash invalid in math mode on input line 170.


LaTeX Warning: Command \textbackslash invalid in math mode on input line 170.


LaTeX Warning: Command \textbackslash invalid in math mode on input line 170.


LaTeX Warning: Command \textbackslash invalid in math mode on input line 170.


LaTeX Warning: Command \textbackslash invalid in math mode on input line 170.


LaTeX Warning: Command \textbackslash invalid in math mode on input line 170.


LaTeX Warning: Command \textbackslash invalid in math mode on input line 170.


LaTeX Warning: Command \textbackslash invalid in math mode on input line 170.


LaTeX Warning: Command \textbackslash invalid in math mode on input line 170.


LaTeX Warning: Command \textbackslash invalid in math mode on input line 170.


LaTeX Warning: Command \textbackslash invalid in math mode on input line 170.

! Missing } inserted.
<inserted text> 
                }
l.170 ...h{}{x\textbackslash{}_n\textbackslash{}}$
                                                   and analyze monotonicity.
I've inserted something that you may have forgotten.
(See the <inserted text> above.)
With luck, this will get me unwedged. But if you
really didn't forget anything, try typing `2' now; then
my insertion and my current dilemma will both disappear.


LaTeX Warning: Command \textbackslash invalid in math mode on input line 171.


LaTeX Warning: Command \textbackslash invalid in math mode on input line 171.


LaTeX Warning: Command \textbackslash invalid in math mode on input line 171.


LaTeX Warning: Command \textbackslash invalid in math mode on input line 171.

! Missing { inserted.
<to be read again> 
                   \begingroup 
l.171 ..._n$ and $x\textbackslash{}_\textbackslash
                                                  {}{n+1\textbackslash{}}$.
A left brace was mandatory here, so I've put one in.
You might want to delete and/or insert some corrections
so that I will find a matching right brace soon.
(If you're confused by all this, try typing `I}' now.)


LaTeX Warning: Command \textbackslash invalid in math mode on input line 171.


LaTeX Warning: Command \textbackslash invalid in math mode on input line 171.


LaTeX Warning: Command \textbackslash invalid in math mode on input line 171.


LaTeX Warning: Command \textbackslash invalid in math mode on input line 171.

! Missing } inserted.
<inserted text> 
                }
l.171 ...{}_\textbackslash{}{n+1\textbackslash{}}$
                                                  .
I've inserted something that you may have forgotten.
(See the <inserted text> above.)
With luck, this will get me unwedged. But if you
really didn't forget anything, try typing `2' now; then
my insertion and my current dilemma will both disappear.


LaTeX Warning: Command \textbackslash invalid in math mode on input line 180.


LaTeX Warning: Command \textbackslash invalid in math mode on input line 180.

! Missing { inserted.
<to be read again> 
                   \begingroup 
l.180 ...elation $x\textbackslash{}_\textbackslash
                                                  {}{n+1\textbackslash{}} = ...
A left brace was mandatory here, so I've put one in.
You might want to delete and/or insert some corrections
so that I will find a matching right brace soon.
(If you're confused by all this, try typing `I}' now.)


LaTeX Warning: Command \textbackslash invalid in math mode on input line 180.


LaTeX Warning: Command \textbackslash invalid in math mode on input line 180.


LaTeX Warning: Command \textbackslash invalid in math mode on input line 180.


LaTeX Warning: Command \textbackslash invalid in math mode on input line 180.


LaTeX Warning: Command \textbackslash invalid in math mode on input line 180.


LaTeX Warning: Command \textbackslash invalid in math mode on input line 180.


LaTeX Warning: Command \textbackslash invalid in math mode on input line 180.


LaTeX Warning: Command \textbackslash invalid in math mode on input line 180.


LaTeX Warning: Command \textbackslash invalid in math mode on input line 180.


LaTeX Warning: Command \textbackslash invalid in math mode on input line 180.


LaTeX Warning: Command \textbackslash invalid in math mode on input line 180.


LaTeX Warning: Command \textbackslash invalid in math mode on input line 180.

! Missing } inserted.
<inserted text> 
                }
l.180 ...h{}{x\textbackslash{}_n\textbackslash{}}$
                                                   pour $x\textbackslash{}_n...
I've inserted something that you may have forgotten.
(See the <inserted text> above.)
With luck, this will get me unwedged. But if you
really didn't forget anything, try typing `2' now; then
my insertion and my current dilemma will both disappear.


LaTeX Warning: Command \textbackslash invalid in math mode on input line 180.


LaTeX Warning: Command \textbackslash invalid in math mode on input line 180.


LaTeX Warning: Command \textbackslash invalid in math mode on input line 182.


LaTeX Warning: Command \textbackslash invalid in math mode on input line 182.

[4]

LaTeX Warning: Command \textbackslash invalid in math mode on input line 188.


LaTeX Warning: Command \textbackslash invalid in math mode on input line 188.


LaTeX Warning: Command \textbackslash invalid in math mode on input line 190.


LaTeX Warning: Command \textbackslash invalid in math mode on input line 190.

! Missing { inserted.
<to be read again> 
                   \begingroup 
l.190 ...tion de $x\textbackslash{}_\textbackslash
                                                  {}{n+1\textbackslash{}} = ...
A left brace was mandatory here, so I've put one in.
You might want to delete and/or insert some corrections
so that I will find a matching right brace soon.
(If you're confused by all this, try typing `I}' now.)


LaTeX Warning: Command \textbackslash invalid in math mode on input line 190.


LaTeX Warning: Command \textbackslash invalid in math mode on input line 190.


LaTeX Warning: Command \textbackslash invalid in math mode on input line 190.


LaTeX Warning: Command \textbackslash invalid in math mode on input line 190.


LaTeX Warning: Command \textbackslash invalid in math mode on input line 190.


LaTeX Warning: Command \textbackslash invalid in math mode on input line 190.


LaTeX Warning: Command \textbackslash invalid in math mode on input line 190.


LaTeX Warning: Command \textbackslash invalid in math mode on input line 190.


LaTeX Warning: Command \textbackslash invalid in math mode on input line 190.


LaTeX Warning: Command \textbackslash invalid in math mode on input line 190.


LaTeX Warning: Command \textbackslash invalid in math mode on input line 190.


LaTeX Warning: Command \textbackslash invalid in math mode on input line 190.

! Missing } inserted.
<inserted text> 
                }
l.190 ...h{}{x\textbackslash{}_n\textbackslash{}}$
                                                   \\
I've inserted something that you may have forgotten.
(See the <inserted text> above.)
With luck, this will get me unwedged. But if you
really didn't forget anything, try typing `2' now; then
my insertion and my current dilemma will both disappear.


LaTeX Warning: Command \textbackslash invalid in math mode on input line 192.


LaTeX Warning: Command \textbackslash invalid in math mode on input line 192.


LaTeX Warning: Command \textbackslash invalid in math mode on input line 194.


LaTeX Warning: Command \textbackslash invalid in math mode on input line 194.


LaTeX Warning: Command \textbackslash invalid in math mode on input line 194.


LaTeX Warning: Command \textbackslash invalid in math mode on input line 194.

! Missing { inserted.
<to be read again> 
                   \begingroup 
l.194 ...}_n$ et $t\textbackslash{}_\textbackslash
                                                  {}{n+1\textbackslash{}}$ \\
A left brace was mandatory here, so I've put one in.
You might want to delete and/or insert some corrections
so that I will find a matching right brace soon.
(If you're confused by all this, try typing `I}' now.)


LaTeX Warning: Command \textbackslash invalid in math mode on input line 194.


LaTeX Warning: Command \textbackslash invalid in math mode on input line 194.


LaTeX Warning: Command \textbackslash invalid in math mode on input line 194.


LaTeX Warning: Command \textbackslash invalid in math mode on input line 194.

! Missing } inserted.
<inserted text> 
                }
l.194 ...{}_\textbackslash{}{n+1\textbackslash{}}$
                                                   \\
I've inserted something that you may have forgotten.
(See the <inserted text> above.)
With luck, this will get me unwedged. But if you
really didn't forget anything, try typing `2' now; then
my insertion and my current dilemma will both disappear.


LaTeX Warning: Command \textbackslash invalid in math mode on input line 196.


LaTeX Warning: Command \textbackslash invalid in math mode on input line 196.


LaTeX Warning: Command \textbackslash invalid in math mode on input line 198.


LaTeX Warning: Command \textbackslash invalid in math mode on input line 198.

! Missing { inserted.
<to be read again> 
                   \begingroup 
l.198 ...tion de $x\textbackslash{}_\textbackslash
                                                  {}{n+1\textbackslash{}} = ...
A left brace was mandatory here, so I've put one in.
You might want to delete and/or insert some corrections
so that I will find a matching right brace soon.
(If you're confused by all this, try typing `I}' now.)


LaTeX Warning: Command \textbackslash invalid in math mode on input line 198.


LaTeX Warning: Command \textbackslash invalid in math mode on input line 198.


LaTeX Warning: Command \textbackslash invalid in math mode on input line 198.


LaTeX Warning: Command \textbackslash invalid in math mode on input line 198.


LaTeX Warning: Command \textbackslash invalid in math mode on input line 198.


LaTeX Warning: Command \textbackslash invalid in math mode on input line 198.


LaTeX Warning: Command \textbackslash invalid in math mode on input line 198.


LaTeX Warning: Command \textbackslash invalid in math mode on input line 198.


LaTeX Warning: Command \textbackslash invalid in math mode on input line 198.


LaTeX Warning: Command \textbackslash invalid in math mode on input line 198.


LaTeX Warning: Command \textbackslash invalid in math mode on input line 198.


LaTeX Warning: Command \textbackslash invalid in math mode on input line 198.

! Missing } inserted.
<inserted text> 
                }
l.198 ...h{}{x\textbackslash{}_n\textbackslash{}}$
                                                   \\
I've inserted something that you may have forgotten.
(See the <inserted text> above.)
With luck, this will get me unwedged. But if you
really didn't forget anything, try typing `2' now; then
my insertion and my current dilemma will both disappear.


LaTeX Warning: Command \textbackslash invalid in math mode on input line 200.


LaTeX Warning: Command \textbackslash invalid in math mode on input line 200.


LaTeX Warning: Command \textbackslash invalid in math mode on input line 202.


LaTeX Warning: Command \textbackslash invalid in math mode on input line 202.


LaTeX Warning: Command \textbackslash invalid in math mode on input line 202.


LaTeX Warning: Command \textbackslash invalid in math mode on input line 202.

! Missing { inserted.
<to be read again> 
                   \begingroup 
l.202 ...}_n$ et $s\textbackslash{}_\textbackslash
                                                  {}{n+1\textbackslash{}}$ \\
A left brace was mandatory here, so I've put one in.
You might want to delete and/or insert some corrections
so that I will find a matching right brace soon.
(If you're confused by all this, try typing `I}' now.)


LaTeX Warning: Command \textbackslash invalid in math mode on input line 202.


LaTeX Warning: Command \textbackslash invalid in math mode on input line 202.


LaTeX Warning: Command \textbackslash invalid in math mode on input line 202.


LaTeX Warning: Command \textbackslash invalid in math mode on input line 202.

! Missing } inserted.
<inserted text> 
                }
l.202 ...{}_\textbackslash{}{n+1\textbackslash{}}$
                                                   \\
I've inserted something that you may have forgotten.
(See the <inserted text> above.)
With luck, this will get me unwedged. But if you
really didn't forget anything, try typing `2' now; then
my insertion and my current dilemma will both disappear.


LaTeX Warning: Command \textbackslash invalid in math mode on input line 204.


LaTeX Warning: Command \textbackslash invalid in math mode on input line 204.


LaTeX Warning: Command \textbackslash invalid in math mode on input line 204.


LaTeX Warning: Command \textbackslash invalid in math mode on input line 204.


LaTeX Warning: Command \textbackslash invalid in math mode on input line 204.


LaTeX Warning: Command \textbackslash invalid in math mode on input line 204.

! Missing { inserted.
<to be read again> 
                   \begingroup 
l.204 ...lash{}le t\textbackslash{}_\textbackslash
                                                  {}{n+1\textbackslash{}}$ \\
A left brace was mandatory here, so I've put one in.
You might want to delete and/or insert some corrections
so that I will find a matching right brace soon.
(If you're confused by all this, try typing `I}' now.)


LaTeX Warning: Command \textbackslash invalid in math mode on input line 204.


LaTeX Warning: Command \textbackslash invalid in math mode on input line 204.


LaTeX Warning: Command \textbackslash invalid in math mode on input line 204.


LaTeX Warning: Command \textbackslash invalid in math mode on input line 204.

! Missing } inserted.
<inserted text> 
                }
l.204 ...{}_\textbackslash{}{n+1\textbackslash{}}$
                                                   \\
I've inserted something that you may have forgotten.
(See the <inserted text> above.)
With luck, this will get me unwedged. But if you
really didn't forget anything, try typing `2' now; then
my insertion and my current dilemma will both disappear.


LaTeX Warning: Command \textbackslash invalid in math mode on input line 206.


LaTeX Warning: Command \textbackslash invalid in math mode on input line 206.

! Missing { inserted.
<to be read again> 
                   \begingroup 
l.206 ...'aprs $s\textbackslash{}_\textbackslash
                                                  {}{n+1\textbackslash{}} \t...
A left brace was mandatory here, so I've put one in.
You might want to delete and/or insert some corrections
so that I will find a matching right brace soon.
(If you're confused by all this, try typing `I}' now.)


LaTeX Warning: Command \textbackslash invalid in math mode on input line 206.


LaTeX Warning: Command \textbackslash invalid in math mode on input line 206.


LaTeX Warning: Command \textbackslash invalid in math mode on input line 206.


LaTeX Warning: Command \textbackslash invalid in math mode on input line 206.


LaTeX Warning: Command \textbackslash invalid in math mode on input line 206.


LaTeX Warning: Command \textbackslash invalid in math mode on input line 206.


LaTeX Warning: Command \textbackslash invalid in math mode on input line 206.


LaTeX Warning: Command \textbackslash invalid in math mode on input line 206.

! Missing } inserted.
<inserted text> 
                }
l.206 ...} \textbackslash{}le s\textbackslash{}_n$
                                                   \\
I've inserted something that you may have forgotten.
(See the <inserted text> above.)
With luck, this will get me unwedged. But if you
really didn't forget anything, try typing `2' now; then
my insertion and my current dilemma will both disappear.

! Missing $ inserted.
<inserted text> 
                $
l.209 ...croissante et $(s_n)$ est dcroissante.}
                                                  
I've inserted a begin-math/end-math symbol since I think
you left one out. Proceed, with fingers crossed.

! Extra }, or forgotten $.
<recently read> }
                 
l.209 ...croissante et $(s_n)$ est dcroissante.}
                                                  
I've deleted a group-closing symbol because it seems to be
spurious, as in `$x}$'. But perhaps the } is legitimate and
you forgot something else, as in `\hbox{$x}'. In such cases
the way to recover is to insert both the forgotten and the
deleted material, e.g., by typing `I$}'.

! Missing $ inserted.
<inserted text> 
                $
l.209 ...croissante et $(s_n)$ est dcroissante.}
                                                  
I've inserted a begin-math/end-math symbol since I think
you left one out. Proceed, with fingers crossed.

! Missing } inserted.
<inserted text> 
                }
l.209 ...croissante et $(s_n)$ est dcroissante.}
                                                  
I've inserted something that you may have forgotten.
(See the <inserted text> above.)
With luck, this will get me unwedged. But if you
really didn't forget anything, try typing `2' now; then
my insertion and my current dilemma will both disappear.


Overfull \hbox (20.95494pt too wide) in paragraph at lines 209--210
\OT1/cmr/bx/n/10 Final An-swer: [] 
 []


LaTeX Warning: Command \textbackslash invalid in math mode on input line 214.


LaTeX Warning: Command \textbackslash invalid in math mode on input line 214.


LaTeX Warning: Command \textbackslash invalid in math mode on input line 215.


LaTeX Warning: Command \textbackslash invalid in math mode on input line 215.


LaTeX Warning: Command \textbackslash invalid in math mode on input line 216.


LaTeX Warning: Command \textbackslash invalid in math mode on input line 216.


LaTeX Warning: Command \textbackslash invalid in math mode on input line 216.


LaTeX Warning: Command \textbackslash invalid in math mode on input line 216.


LaTeX Warning: Command \textbackslash invalid in math mode on input line 216.


LaTeX Warning: Command \textbackslash invalid in math mode on input line 216.


LaTeX Warning: Command \textbackslash invalid in math mode on input line 216.


LaTeX Warning: Command \textbackslash invalid in math mode on input line 216.


LaTeX Warning: Command \textbackslash invalid in math mode on input line 216.


LaTeX Warning: Command \textbackslash invalid in math mode on input line 216.


LaTeX Warning: Command \textbackslash invalid in math mode on input line 216.


LaTeX Warning: Command \textbackslash invalid in math mode on input line 216.


LaTeX Warning: Command \textbackslash invalid in math mode on input line 216.


LaTeX Warning: Command \textbackslash invalid in math mode on input line 216.


LaTeX Warning: Command \textbackslash invalid in math mode on input line 216.


LaTeX Warning: Command \textbackslash invalid in math mode on input line 216.


LaTeX Warning: Command \textbackslash invalid in math mode on input line 217.


LaTeX Warning: Command \textbackslash invalid in math mode on input line 217.


LaTeX Warning: Command \textbackslash invalid in math mode on input line 217.


LaTeX Warning: Command \textbackslash invalid in math mode on input line 217.


LaTeX Warning: Command \textbackslash invalid in math mode on input line 217.


LaTeX Warning: Command \textbackslash invalid in math mode on input line 217.


LaTeX Warning: Command \textbackslash invalid in math mode on input line 217.


LaTeX Warning: Command \textbackslash invalid in math mode on input line 217.


LaTeX Warning: Command \textbackslash invalid in math mode on input line 217.


LaTeX Warning: Command \textbackslash invalid in math mode on input line 217.


LaTeX Warning: Command \textbackslash invalid in math mode on input line 217.


LaTeX Warning: Command \textbackslash invalid in math mode on input line 217.


LaTeX Warning: Command \textbackslash invalid in math mode on input line 217.


LaTeX Warning: Command \textbackslash invalid in math mode on input line 217.


LaTeX Warning: Command \textbackslash invalid in math mode on input line 217.


LaTeX Warning: Command \textbackslash invalid in math mode on input line 217.


LaTeX Warning: Command \textbackslash invalid in math mode on input line 218.


LaTeX Warning: Command \textbackslash invalid in math mode on input line 218.


LaTeX Warning: Command \textbackslash invalid in math mode on input line 218.


LaTeX Warning: Command \textbackslash invalid in math mode on input line 218.


LaTeX Warning: Command \textbackslash invalid in math mode on input line 218.


LaTeX Warning: Command \textbackslash invalid in math mode on input line 218.


LaTeX Warning: Command \textbackslash invalid in math mode on input line 218.


LaTeX Warning: Command \textbackslash invalid in math mode on input line 218.


LaTeX Warning: Command \textbackslash invalid in math mode on input line 218.


LaTeX Warning: Command \textbackslash invalid in math mode on input line 218.


LaTeX Warning: Command \textbackslash invalid in math mode on input line 219.


LaTeX Warning: Command \textbackslash invalid in math mode on input line 219.


LaTeX Warning: Command \textbackslash invalid in math mode on input line 219.


LaTeX Warning: Command \textbackslash invalid in math mode on input line 219.


LaTeX Warning: Command \textbackslash invalid in math mode on input line 219.


LaTeX Warning: Command \textbackslash invalid in math mode on input line 219.


LaTeX Warning: Command \textbackslash invalid in math mode on input line 220.


LaTeX Warning: Command \textbackslash invalid in math mode on input line 220.


LaTeX Warning: Command \textbackslash invalid in math mode on input line 220.


LaTeX Warning: Command \textbackslash invalid in math mode on input line 220.


LaTeX Warning: Command \textbackslash invalid in math mode on input line 220.


LaTeX Warning: Command \textbackslash invalid in math mode on input line 220.


LaTeX Warning: Command \textbackslash invalid in math mode on input line 222.


LaTeX Warning: Command \textbackslash invalid in math mode on input line 222.


LaTeX Warning: Command \textbackslash invalid in math mode on input line 222.


LaTeX Warning: Command \textbackslash invalid in math mode on input line 222.


LaTeX Warning: Command \textbackslash invalid in math mode on input line 222.


LaTeX Warning: Command \textbackslash invalid in math mode on input line 222.


LaTeX Warning: Command \textbackslash invalid in math mode on input line 222.


LaTeX Warning: Command \textbackslash invalid in math mode on input line 222.


LaTeX Warning: Command \textbackslash invalid in math mode on input line 222.


LaTeX Warning: Command \textbackslash invalid in math mode on input line 222.


LaTeX Warning: Command \textbackslash invalid in math mode on input line 226.


LaTeX Warning: Command \textbackslash invalid in math mode on input line 226.


LaTeX Warning: Command \textbackslash invalid in math mode on input line 226.


LaTeX Warning: Command \textbackslash invalid in math mode on input line 226.


LaTeX Warning: Command \textbackslash invalid in math mode on input line 226.


LaTeX Warning: Command \textbackslash invalid in math mode on input line 226.


LaTeX Warning: Command \textbackslash invalid in math mode on input line 226.


LaTeX Warning: Command \textbackslash invalid in math mode on input line 226.


LaTeX Warning: Command \textbackslash invalid in math mode on input line 227.


LaTeX Warning: Command \textbackslash invalid in math mode on input line 227.


LaTeX Warning: Command \textbackslash invalid in math mode on input line 227.


LaTeX Warning: Command \textbackslash invalid in math mode on input line 227.


LaTeX Warning: Command \textbackslash invalid in math mode on input line 227.


LaTeX Warning: Command \textbackslash invalid in math mode on input line 227.


LaTeX Warning: Command \textbackslash invalid in math mode on input line 227.


LaTeX Warning: Command \textbackslash invalid in math mode on input line 227.

[5]

LaTeX Warning: Command \textbackslash invalid in math mode on input line 228.


LaTeX Warning: Command \textbackslash invalid in math mode on input line 228.


LaTeX Warning: Command \textbackslash invalid in math mode on input line 228.


LaTeX Warning: Command \textbackslash invalid in math mode on input line 228.


LaTeX Warning: Command \textbackslash invalid in math mode on input line 228.


LaTeX Warning: Command \textbackslash invalid in math mode on input line 228.


LaTeX Warning: Command \textbackslash invalid in math mode on input line 228.


LaTeX Warning: Command \textbackslash invalid in math mode on input line 228.


LaTeX Warning: Command \textbackslash invalid in math mode on input line 228.


LaTeX Warning: Command \textbackslash invalid in math mode on input line 228.


LaTeX Warning: Command \textbackslash invalid in math mode on input line 228.


LaTeX Warning: Command \textbackslash invalid in math mode on input line 228.


LaTeX Warning: Command \textbackslash invalid in math mode on input line 228.


LaTeX Warning: Command \textbackslash invalid in math mode on input line 228.


LaTeX Warning: Command \textbackslash invalid in math mode on input line 228.


LaTeX Warning: Command \textbackslash invalid in math mode on input line 228.


LaTeX Warning: Command \textbackslash invalid in math mode on input line 229.


LaTeX Warning: Command \textbackslash invalid in math mode on input line 229.


LaTeX Warning: Command \textbackslash invalid in math mode on input line 233.


LaTeX Warning: Command \textbackslash invalid in math mode on input line 233.


LaTeX Warning: Command \textbackslash invalid in math mode on input line 235.


LaTeX Warning: Command \textbackslash invalid in math mode on input line 235.


LaTeX Warning: Command \textbackslash invalid in math mode on input line 239.


LaTeX Warning: Command \textbackslash invalid in math mode on input line 239.


LaTeX Warning: Command \textbackslash invalid in math mode on input line 241.


LaTeX Warning: Command \textbackslash invalid in math mode on input line 241.


LaTeX Warning: Command \textbackslash invalid in math mode on input line 241.


LaTeX Warning: Command \textbackslash invalid in math mode on input line 241.


LaTeX Warning: Command \textbackslash invalid in math mode on input line 243.


LaTeX Warning: Command \textbackslash invalid in math mode on input line 243.


LaTeX Warning: Command \textbackslash invalid in math mode on input line 245.


LaTeX Warning: Command \textbackslash invalid in math mode on input line 245.


LaTeX Warning: Command \textbackslash invalid in math mode on input line 245.


LaTeX Warning: Command \textbackslash invalid in math mode on input line 245.

! Missing $ inserted.
<inserted text> 
                $
l.248 ...Answer:} \boxed{$t_n \le \ln(x) \le s_n$}
                                                  
I've inserted a begin-math/end-math symbol since I think
you left one out. Proceed, with fingers crossed.

! Extra }, or forgotten $.
<recently read> }
                 
l.248 ...Answer:} \boxed{$t_n \le \ln(x) \le s_n$}
                                                  
I've deleted a group-closing symbol because it seems to be
spurious, as in `$x}$'. But perhaps the } is legitimate and
you forgot something else, as in `\hbox{$x}'. In such cases
the way to recover is to insert both the forgotten and the
deleted material, e.g., by typing `I$}'.

! Missing $ inserted.
<inserted text> 
                $
l.248 ...Answer:} \boxed{$t_n \le \ln(x) \le s_n$}
                                                  
I've inserted a begin-math/end-math symbol since I think
you left one out. Proceed, with fingers crossed.

! Missing } inserted.
<inserted text> 
                }
l.248 ...Answer:} \boxed{$t_n \le \ln(x) \le s_n$}
                                                  
I've inserted something that you may have forgotten.
(See the <inserted text> above.)
With luck, this will get me unwedged. But if you
really didn't forget anything, try typing `2' now; then
my insertion and my current dilemma will both disappear.


LaTeX Warning: Command \textbackslash invalid in math mode on input line 253.


LaTeX Warning: Command \textbackslash invalid in math mode on input line 253.


LaTeX Warning: Command \textbackslash invalid in math mode on input line 253.


LaTeX Warning: Command \textbackslash invalid in math mode on input line 253.


LaTeX Warning: Command \textbackslash invalid in math mode on input line 253.


LaTeX Warning: Command \textbackslash invalid in math mode on input line 253.


LaTeX Warning: Command \textbackslash invalid in math mode on input line 254.


LaTeX Warning: Command \textbackslash invalid in math mode on input line 254.


LaTeX Warning: Command \textbackslash invalid in math mode on input line 254.


LaTeX Warning: Command \textbackslash invalid in math mode on input line 254.


LaTeX Warning: Command \textbackslash invalid in math mode on input line 254.


LaTeX Warning: Command \textbackslash invalid in math mode on input line 254.


LaTeX Warning: Command \textbackslash invalid in math mode on input line 255.


LaTeX Warning: Command \textbackslash invalid in math mode on input line 255.


LaTeX Warning: Command \textbackslash invalid in math mode on input line 255.


LaTeX Warning: Command \textbackslash invalid in math mode on input line 255.


LaTeX Warning: Command \textbackslash invalid in math mode on input line 255.


LaTeX Warning: Command \textbackslash invalid in math mode on input line 255.


LaTeX Warning: Command \textbackslash invalid in math mode on input line 255.


LaTeX Warning: Command \textbackslash invalid in math mode on input line 255.


LaTeX Warning: Command \textbackslash invalid in math mode on input line 255.


LaTeX Warning: Command \textbackslash invalid in math mode on input line 255.


LaTeX Warning: Command \textbackslash invalid in math mode on input line 255.


LaTeX Warning: Command \textbackslash invalid in math mode on input line 255.


LaTeX Warning: Command \textbackslash invalid in math mode on input line 255.


LaTeX Warning: Command \textbackslash invalid in math mode on input line 255.


LaTeX Warning: Command \textbackslash invalid in math mode on input line 256.


LaTeX Warning: Command \textbackslash invalid in math mode on input line 256.


LaTeX Warning: Command \textbackslash invalid in math mode on input line 256.


LaTeX Warning: Command \textbackslash invalid in math mode on input line 256.


LaTeX Warning: Command \textbackslash invalid in math mode on input line 256.


LaTeX Warning: Command \textbackslash invalid in math mode on input line 256.


LaTeX Warning: Command \textbackslash invalid in math mode on input line 256.


LaTeX Warning: Command \textbackslash invalid in math mode on input line 256.


LaTeX Warning: Command \textbackslash invalid in math mode on input line 256.


LaTeX Warning: Command \textbackslash invalid in math mode on input line 256.


LaTeX Warning: Command \textbackslash invalid in math mode on input line 256.


LaTeX Warning: Command \textbackslash invalid in math mode on input line 256.


LaTeX Warning: Command \textbackslash invalid in math mode on input line 257.


LaTeX Warning: Command \textbackslash invalid in math mode on input line 257.


LaTeX Warning: Command \textbackslash invalid in math mode on input line 257.


LaTeX Warning: Command \textbackslash invalid in math mode on input line 257.

! Missing { inserted.
<to be read again> 
                   \begingroup 
l.257 ...slash{}lim\textbackslash{}_\textbackslash
                                                  {}{n \textbackslash{}to +\...
A left brace was mandatory here, so I've put one in.
You might want to delete and/or insert some corrections
so that I will find a matching right brace soon.
(If you're confused by all this, try typing `I}' now.)


LaTeX Warning: Command \textbackslash invalid in math mode on input line 257.


LaTeX Warning: Command \textbackslash invalid in math mode on input line 257.


LaTeX Warning: Command \textbackslash invalid in math mode on input line 257.


LaTeX Warning: Command \textbackslash invalid in math mode on input line 257.


LaTeX Warning: Command \textbackslash invalid in math mode on input line 257.


LaTeX Warning: Command \textbackslash invalid in math mode on input line 257.


LaTeX Warning: Command \textbackslash invalid in math mode on input line 257.


LaTeX Warning: Command \textbackslash invalid in math mode on input line 257.


LaTeX Warning: Command \textbackslash invalid in math mode on input line 257.


LaTeX Warning: Command \textbackslash invalid in math mode on input line 257.

! Missing } inserted.
<inserted text> 
                }
l.257 ...textbackslash{}} x\textbackslash{}_n = 1$
                                                  
I've inserted something that you may have forgotten.
(See the <inserted text> above.)
With luck, this will get me unwedged. But if you
really didn't forget anything, try typing `2' now; then
my insertion and my current dilemma will both disappear.


LaTeX Warning: Command \textbackslash invalid in math mode on input line 259.


LaTeX Warning: Command \textbackslash invalid in math mode on input line 259.


LaTeX Warning: Command \textbackslash invalid in math mode on input line 259.


LaTeX Warning: Command \textbackslash invalid in math mode on input line 259.


LaTeX Warning: Command \textbackslash invalid in math mode on input line 259.


LaTeX Warning: Command \textbackslash invalid in math mode on input line 259.


LaTeX Warning: Command \textbackslash invalid in math mode on input line 259.


LaTeX Warning: Command \textbackslash invalid in math mode on input line 259.


LaTeX Warning: Command \textbackslash invalid in math mode on input line 259.


LaTeX Warning: Command \textbackslash invalid in math mode on input line 259.


LaTeX Warning: Command \textbackslash invalid in math mode on input line 259.


LaTeX Warning: Command \textbackslash invalid in math mode on input line 259.


LaTeX Warning: Command \textbackslash invalid in math mode on input line 259.


LaTeX Warning: Command \textbackslash invalid in math mode on input line 259.


LaTeX Warning: Command \textbackslash invalid in math mode on input line 259.


LaTeX Warning: Command \textbackslash invalid in math mode on input line 259.


LaTeX Warning: Command \textbackslash invalid in math mode on input line 259.


LaTeX Warning: Command \textbackslash invalid in math mode on input line 259.


LaTeX Warning: Command \textbackslash invalid in math mode on input line 259.


LaTeX Warning: Command \textbackslash invalid in math mode on input line 259.


LaTeX Warning: Command \textbackslash invalid in math mode on input line 259.


LaTeX Warning: Command \textbackslash invalid in math mode on input line 259.


LaTeX Warning: Command \textbackslash invalid in math mode on input line 259.


LaTeX Warning: Command \textbackslash invalid in math mode on input line 259.


LaTeX Warning: Command \textbackslash invalid in math mode on input line 259.


LaTeX Warning: Command \textbackslash invalid in math mode on input line 259.


LaTeX Warning: Command \textbackslash invalid in math mode on input line 259.


LaTeX Warning: Command \textbackslash invalid in math mode on input line 259.

! Missing { inserted.
<to be read again> 
                   \begingroup 
l.259 ...slash{}lim\textbackslash{}_\textbackslash
                                                  {}{n \textbackslash{}to +\...
A left brace was mandatory here, so I've put one in.
You might want to delete and/or insert some corrections
so that I will find a matching right brace soon.
(If you're confused by all this, try typing `I}' now.)


LaTeX Warning: Command \textbackslash invalid in math mode on input line 259.


LaTeX Warning: Command \textbackslash invalid in math mode on input line 259.


LaTeX Warning: Command \textbackslash invalid in math mode on input line 259.


LaTeX Warning: Command \textbackslash invalid in math mode on input line 259.


LaTeX Warning: Command \textbackslash invalid in math mode on input line 259.


LaTeX Warning: Command \textbackslash invalid in math mode on input line 259.


LaTeX Warning: Command \textbackslash invalid in math mode on input line 259.


LaTeX Warning: Command \textbackslash invalid in math mode on input line 259.


LaTeX Warning: Command \textbackslash invalid in math mode on input line 259.


LaTeX Warning: Command \textbackslash invalid in math mode on input line 259.


LaTeX Warning: Command \textbackslash invalid in math mode on input line 259.


LaTeX Warning: Command \textbackslash invalid in math mode on input line 259.

! Missing } inserted.
<inserted text> 
                }
l.259 ...backslash{}_n - t\textbackslash{}_n) = 0$
                                                  
I've inserted something that you may have forgotten.
(See the <inserted text> above.)
With luck, this will get me unwedged. But if you
really didn't forget anything, try typing `2' now; then
my insertion and my current dilemma will both disappear.


LaTeX Warning: Command \textbackslash invalid in math mode on input line 263.


LaTeX Warning: Command \textbackslash invalid in math mode on input line 263.


LaTeX Warning: Command \textbackslash invalid in math mode on input line 263.


LaTeX Warning: Command \textbackslash invalid in math mode on input line 263.


LaTeX Warning: Command \textbackslash invalid in math mode on input line 263.


LaTeX Warning: Command \textbackslash invalid in math mode on input line 263.


LaTeX Warning: Command \textbackslash invalid in math mode on input line 263.


LaTeX Warning: Command \textbackslash invalid in math mode on input line 263.


LaTeX Warning: Command \textbackslash invalid in math mode on input line 263.


LaTeX Warning: Command \textbackslash invalid in math mode on input line 263.


LaTeX Warning: Command \textbackslash invalid in math mode on input line 263.


LaTeX Warning: Command \textbackslash invalid in math mode on input line 263.


LaTeX Warning: Command \textbackslash invalid in math mode on input line 264.


LaTeX Warning: Command \textbackslash invalid in math mode on input line 264.


LaTeX Warning: Command \textbackslash invalid in math mode on input line 264.


LaTeX Warning: Command \textbackslash invalid in math mode on input line 264.


LaTeX Warning: Command \textbackslash invalid in math mode on input line 264.


LaTeX Warning: Command \textbackslash invalid in math mode on input line 264.


LaTeX Warning: Command \textbackslash invalid in math mode on input line 268.


LaTeX Warning: Command \textbackslash invalid in math mode on input line 268.


LaTeX Warning: Command \textbackslash invalid in math mode on input line 268.


LaTeX Warning: Command \textbackslash invalid in math mode on input line 268.


LaTeX Warning: Command \textbackslash invalid in math mode on input line 270.


LaTeX Warning: Command \textbackslash invalid in math mode on input line 270.


LaTeX Warning: Command \textbackslash invalid in math mode on input line 270.


LaTeX Warning: Command \textbackslash invalid in math mode on input line 270.


LaTeX Warning: Command \textbackslash invalid in math mode on input line 272.


LaTeX Warning: Command \textbackslash invalid in math mode on input line 272.


LaTeX Warning: Command \textbackslash invalid in math mode on input line 272.


LaTeX Warning: Command \textbackslash invalid in math mode on input line 272.

[6]

LaTeX Warning: Command \textbackslash invalid in math mode on input line 276.


LaTeX Warning: Command \textbackslash invalid in math mode on input line 276.


LaTeX Warning: Command \textbackslash invalid in math mode on input line 276.


LaTeX Warning: Command \textbackslash invalid in math mode on input line 276.


LaTeX Warning: Command \textbackslash invalid in math mode on input line 276.


LaTeX Warning: Command \textbackslash invalid in math mode on input line 276.


LaTeX Warning: Command \textbackslash invalid in math mode on input line 276.


LaTeX Warning: Command \textbackslash invalid in math mode on input line 276.


LaTeX Warning: Command \textbackslash invalid in math mode on input line 276.


LaTeX Warning: Command \textbackslash invalid in math mode on input line 276.


LaTeX Warning: Command \textbackslash invalid in math mode on input line 278.


LaTeX Warning: Command \textbackslash invalid in math mode on input line 278.


LaTeX Warning: Command \textbackslash invalid in math mode on input line 278.


LaTeX Warning: Command \textbackslash invalid in math mode on input line 278.


LaTeX Warning: Command \textbackslash invalid in math mode on input line 284.


LaTeX Warning: Command \textbackslash invalid in math mode on input line 284.


LaTeX Warning: Command \textbackslash invalid in math mode on input line 284.


LaTeX Warning: Command \textbackslash invalid in math mode on input line 284.


LaTeX Warning: Command \textbackslash invalid in math mode on input line 284.


LaTeX Warning: Command \textbackslash invalid in math mode on input line 284.

! Missing $ inserted.
<inserted text> 
                $
l.295 ...) $\lim_{n \to +\infty} (s_n - t_n) = 0$}
                                                  
I've inserted a begin-math/end-math symbol since I think
you left one out. Proceed, with fingers crossed.

! Extra }, or forgotten $.
<recently read> }
                 
l.295 ...) $\lim_{n \to +\infty} (s_n - t_n) = 0$}
                                                  
I've deleted a group-closing symbol because it seems to be
spurious, as in `$x}$'. But perhaps the } is legitimate and
you forgot something else, as in `\hbox{$x}'. In such cases
the way to recover is to insert both the forgotten and the
deleted material, e.g., by typing `I$}'.

! Missing $ inserted.
<inserted text> 
                $
l.295 ...) $\lim_{n \to +\infty} (s_n - t_n) = 0$}
                                                  
I've inserted a begin-math/end-math symbol since I think
you left one out. Proceed, with fingers crossed.

! Missing } inserted.
<inserted text> 
                }
l.295 ...) $\lim_{n \to +\infty} (s_n - t_n) = 0$}
                                                  
I've inserted something that you may have forgotten.
(See the <inserted text> above.)
With luck, this will get me unwedged. But if you
really didn't forget anything, try typing `2' now; then
my insertion and my current dilemma will both disappear.


LaTeX Warning: Command \textbackslash invalid in math mode on input line 300.


LaTeX Warning: Command \textbackslash invalid in math mode on input line 300.


LaTeX Warning: Command \textbackslash invalid in math mode on input line 301.


LaTeX Warning: Command \textbackslash invalid in math mode on input line 301.


LaTeX Warning: Command \textbackslash invalid in math mode on input line 302.


LaTeX Warning: Command \textbackslash invalid in math mode on input line 302.


LaTeX Warning: Command \textbackslash invalid in math mode on input line 302.


LaTeX Warning: Command \textbackslash invalid in math mode on input line 302.


LaTeX Warning: Command \textbackslash invalid in math mode on input line 302.


LaTeX Warning: Command \textbackslash invalid in math mode on input line 302.


LaTeX Warning: Command \textbackslash invalid in math mode on input line 302.


LaTeX Warning: Command \textbackslash invalid in math mode on input line 302.


LaTeX Warning: Command \textbackslash invalid in math mode on input line 302.


LaTeX Warning: Command \textbackslash invalid in math mode on input line 302.


LaTeX Warning: Command \textbackslash invalid in math mode on input line 303.


LaTeX Warning: Command \textbackslash invalid in math mode on input line 303.


LaTeX Warning: Command \textbackslash invalid in math mode on input line 303.


LaTeX Warning: Command \textbackslash invalid in math mode on input line 303.

! Missing { inserted.
<to be read again> 
                   \begingroup 
l.303 ...slash{}lim\textbackslash{}_\textbackslash
                                                  {}{n \textbackslash{}to +\...
A left brace was mandatory here, so I've put one in.
You might want to delete and/or insert some corrections
so that I will find a matching right brace soon.
(If you're confused by all this, try typing `I}' now.)


LaTeX Warning: Command \textbackslash invalid in math mode on input line 303.


LaTeX Warning: Command \textbackslash invalid in math mode on input line 303.


LaTeX Warning: Command \textbackslash invalid in math mode on input line 303.


LaTeX Warning: Command \textbackslash invalid in math mode on input line 303.


LaTeX Warning: Command \textbackslash invalid in math mode on input line 303.


LaTeX Warning: Command \textbackslash invalid in math mode on input line 303.


LaTeX Warning: Command \textbackslash invalid in math mode on input line 303.


LaTeX Warning: Command \textbackslash invalid in math mode on input line 303.


LaTeX Warning: Command \textbackslash invalid in math mode on input line 303.


LaTeX Warning: Command \textbackslash invalid in math mode on input line 303.


LaTeX Warning: Command \textbackslash invalid in math mode on input line 303.


LaTeX Warning: Command \textbackslash invalid in math mode on input line 303.

! Missing } inserted.
<inserted text> 
                }
l.303 ...backslash{}_n - t\textbackslash{}_n) = 0$
                                                  
I've inserted something that you may have forgotten.
(See the <inserted text> above.)
With luck, this will get me unwedged. But if you
really didn't forget anything, try typing `2' now; then
my insertion and my current dilemma will both disappear.


LaTeX Warning: Command \textbackslash invalid in math mode on input line 305.


LaTeX Warning: Command \textbackslash invalid in math mode on input line 305.


LaTeX Warning: Command \textbackslash invalid in math mode on input line 305.


LaTeX Warning: Command \textbackslash invalid in math mode on input line 305.


LaTeX Warning: Command \textbackslash invalid in math mode on input line 309.


LaTeX Warning: Command \textbackslash invalid in math mode on input line 309.


LaTeX Warning: Command \textbackslash invalid in math mode on input line 309.


LaTeX Warning: Command \textbackslash invalid in math mode on input line 309.

[7]

LaTeX Warning: Command \textbackslash invalid in math mode on input line 319.


LaTeX Warning: Command \textbackslash invalid in math mode on input line 319.


LaTeX Warning: Command \textbackslash invalid in math mode on input line 319.


LaTeX Warning: Command \textbackslash invalid in math mode on input line 319.


LaTeX Warning: Command \textbackslash invalid in math mode on input line 319.


LaTeX Warning: Command \textbackslash invalid in math mode on input line 319.


LaTeX Warning: Command \textbackslash invalid in math mode on input line 319.


LaTeX Warning: Command \textbackslash invalid in math mode on input line 319.


LaTeX Warning: Command \textbackslash invalid in math mode on input line 319.


LaTeX Warning: Command \textbackslash invalid in math mode on input line 319.


LaTeX Warning: Command \textbackslash invalid in math mode on input line 323.


LaTeX Warning: Command \textbackslash invalid in math mode on input line 323.


LaTeX Warning: Command \textbackslash invalid in math mode on input line 323.


LaTeX Warning: Command \textbackslash invalid in math mode on input line 323.


LaTeX Warning: Command \textbackslash invalid in math mode on input line 323.


LaTeX Warning: Command \textbackslash invalid in math mode on input line 323.


LaTeX Warning: Command \textbackslash invalid in math mode on input line 327.


LaTeX Warning: Command \textbackslash invalid in math mode on input line 327.


LaTeX Warning: Command \textbackslash invalid in math mode on input line 327.


LaTeX Warning: Command \textbackslash invalid in math mode on input line 327.


LaTeX Warning: Command \textbackslash invalid in math mode on input line 327.


LaTeX Warning: Command \textbackslash invalid in math mode on input line 327.


LaTeX Warning: Command \textbackslash invalid in math mode on input line 327.


LaTeX Warning: Command \textbackslash invalid in math mode on input line 327.


LaTeX Warning: Command \textbackslash invalid in math mode on input line 327.


LaTeX Warning: Command \textbackslash invalid in math mode on input line 327.


LaTeX Warning: Command \textbackslash invalid in math mode on input line 327.


LaTeX Warning: Command \textbackslash invalid in math mode on input line 327.

! Missing $ inserted.
<inserted text> 
                $
l.330 ...t convergent toutes deux vers } \ln(x).$}
                                                  
I've inserted a begin-math/end-math symbol since I think
you left one out. Proceed, with fingers crossed.

! Extra }, or forgotten $.
<recently read> }
                 
l.330 ...t convergent toutes deux vers } \ln(x).$}
                                                  
I've deleted a group-closing symbol because it seems to be
spurious, as in `$x}$'. But perhaps the } is legitimate and
you forgot something else, as in `\hbox{$x}'. In such cases
the way to recover is to insert both the forgotten and the
deleted material, e.g., by typing `I$}'.

! Missing $ inserted.
<inserted text> 
                $
l.330 ...t convergent toutes deux vers } \ln(x).$}
                                                  
I've inserted a begin-math/end-math symbol since I think
you left one out. Proceed, with fingers crossed.

! Missing } inserted.
<inserted text> 
                }
l.330 ...t convergent toutes deux vers } \ln(x).$}
                                                  
I've inserted something that you may have forgotten.
(See the <inserted text> above.)
With luck, this will get me unwedged. But if you
really didn't forget anything, try typing `2' now; then
my insertion and my current dilemma will both disappear.

[8] (output/problem.aux)
 ***********
LaTeX2e <2023-11-01> patch level 1
L3 programming layer <2024-01-22>
 ***********
 ) 
Here is how much of TeX's memory you used:
 3237 strings out of 476182
 45867 string characters out of 5795594
 1941975 words of memory out of 5000000
 25243 multiletter control sequences out of 15000+600000
 561621 words of font info for 50 fonts, out of 8000000 for 9000
 14 hyphenation exceptions out of 8191
 57i,6n,65p,772b,198s stack positions out of 10000i,1000n,20000p,200000b,200000s
 </home/sajed/.texlive2023/texmf-var/fonts/pk/ljfour/jknappen/ec/tcrm1000.600
pk></usr/share/texlive/texmf-dist/fonts/type1/public/amsfonts/cm/cmbx10.pfb></u
sr/share/texlive/texmf-dist/fonts/type1/public/amsfonts/cm/cmbx12.pfb></usr/sha
re/texlive/texmf-dist/fonts/type1/public/amsfonts/cm/cmex10.pfb></usr/share/tex
live/texmf-dist/fonts/type1/public/amsfonts/cm/cmmi10.pfb></usr/share/texlive/t
exmf-dist/fonts/type1/public/amsfonts/cm/cmmi5.pfb></usr/share/texlive/texmf-di
st/fonts/type1/public/amsfonts/cm/cmmi7.pfb></usr/share/texlive/texmf-dist/font
s/type1/public/amsfonts/cm/cmr10.pfb></usr/share/texlive/texmf-dist/fonts/type1
/public/amsfonts/cm/cmr5.pfb></usr/share/texlive/texmf-dist/fonts/type1/public/
amsfonts/cm/cmr7.pfb></usr/share/texlive/texmf-dist/fonts/type1/public/amsfonts
/cm/cmsy10.pfb></usr/share/texlive/texmf-dist/fonts/type1/public/amsfonts/cm/cm
sy7.pfb></usr/share/texlive/texmf-dist/fonts/type1/public/amsfonts/symbols/msbm
10.pfb></usr/share/texlive/texmf-dist/fonts/type1/public/amsfonts/symbols/msbm7
.pfb>
Output written on output/problem.pdf (8 pages, 158795 bytes).
PDF statistics:
 101 PDF objects out of 1000 (max. 8388607)
 63 compressed objects within 1 object stream
 0 named destinations out of 1000 (max. 500000)
 1 words of extra memory for PDF output out of 10000 (max. 10000000)

